<?xml version="1.0" encoding="UTF-8"?>
<testsuite xmlns:xsi="http://www.w3.org/2001/XMLSchema-instance" xsi:noNamespaceSchemaLocation="https://maven.apache.org/surefire/maven-surefire-plugin/xsd/surefire-test-report.xsd" name="inra.ijpb.MorphologyTests" time="15.35" tests="206" errors="0" skipped="0" failures="0">
  <properties>
    <property name="gopherProxySet" value="false"/>
    <property name="awt.toolkit" value="sun.lwawt.macosx.LWCToolkit"/>
    <property name="file.encoding.pkg" value="sun.io"/>
    <property name="java.specification.version" value="1.8"/>
    <property name="sun.cpu.isalist" value=""/>
    <property name="sun.jnu.encoding" value="UTF-8"/>
    <property name="java.class.path" value="/Users/hiroyo/Downloads/ijpb-MorphoLibJ-d8b4445/target/test-classes:/Users/hiroyo/Downloads/ijpb-MorphoLibJ-d8b4445/target/classes:/Users/hiroyo/.m2/repository/net/imagej/ij/1.52i/ij-1.52i.jar:/Users/hiroyo/.m2/repository/gov/nist/math/jama/1.0.3/jama-1.0.3.jar:/Users/hiroyo/.m2/repository/junit/junit/4.12/junit-4.12.jar:/Users/hiroyo/.m2/repository/org/hamcrest/hamcrest-core/1.3/hamcrest-core-1.3.jar:"/>
    <property name="java.vm.vendor" value="Oracle Corporation"/>
    <property name="sun.arch.data.model" value="64"/>
    <property name="java.vendor.url" value="http://java.oracle.com/"/>
    <property name="user.timezone" value=""/>
    <property name="java.vm.specification.version" value="1.8"/>
    <property name="os.name" value="Mac OS X"/>
    <property name="sun.java.launcher" value="SUN_STANDARD"/>
    <property name="user.country" value="JP"/>
    <property name="sun.boot.library.path" value="/Library/Java/JavaVirtualMachines/jdk1.8.0_191.jdk/Contents/Home/jre/lib"/>
    <property name="sun.java.command" value="/Users/hiroyo/Downloads/ijpb-MorphoLibJ-d8b4445/target/surefire/surefirebooter1252310172021201427.jar /Users/hiroyo/Downloads/ijpb-MorphoLibJ-d8b4445/target/surefire 2019-05-30T15-00-53_388-jvmRun1 surefire914945412480366690tmp surefire_0314154202352398855tmp"/>
    <property name="http.nonProxyHosts" value="local|*.local|169.254/16|*.169.254/16"/>
    <property name="surefire.test.class.path" value="/Users/hiroyo/Downloads/ijpb-MorphoLibJ-d8b4445/target/test-classes:/Users/hiroyo/Downloads/ijpb-MorphoLibJ-d8b4445/target/classes:/Users/hiroyo/.m2/repository/net/imagej/ij/1.52i/ij-1.52i.jar:/Users/hiroyo/.m2/repository/gov/nist/math/jama/1.0.3/jama-1.0.3.jar:/Users/hiroyo/.m2/repository/junit/junit/4.12/junit-4.12.jar:/Users/hiroyo/.m2/repository/org/hamcrest/hamcrest-core/1.3/hamcrest-core-1.3.jar:"/>
    <property name="sun.cpu.endian" value="little"/>
    <property name="user.home" value="/Users/hiroyo"/>
    <property name="user.language" value="ja"/>
    <property name="java.specification.vendor" value="Oracle Corporation"/>
    <property name="java.home" value="/Library/Java/JavaVirtualMachines/jdk1.8.0_191.jdk/Contents/Home/jre"/>
    <property name="basedir" value="/Users/hiroyo/Downloads/ijpb-MorphoLibJ-d8b4445"/>
    <property name="file.separator" value="/"/>
    <property name="line.separator" value="&#10;"/>
    <property name="java.vm.specification.vendor" value="Oracle Corporation"/>
    <property name="java.specification.name" value="Java Platform API Specification"/>
    <property name="java.awt.graphicsenv" value="sun.awt.CGraphicsEnvironment"/>
    <property name="surefire.real.class.path" value="/Users/hiroyo/Downloads/ijpb-MorphoLibJ-d8b4445/target/surefire/surefirebooter1252310172021201427.jar"/>
    <property name="sun.boot.class.path" value="/Library/Java/JavaVirtualMachines/jdk1.8.0_191.jdk/Contents/Home/jre/lib/resources.jar:/Library/Java/JavaVirtualMachines/jdk1.8.0_191.jdk/Contents/Home/jre/lib/rt.jar:/Library/Java/JavaVirtualMachines/jdk1.8.0_191.jdk/Contents/Home/jre/lib/sunrsasign.jar:/Library/Java/JavaVirtualMachines/jdk1.8.0_191.jdk/Contents/Home/jre/lib/jsse.jar:/Library/Java/JavaVirtualMachines/jdk1.8.0_191.jdk/Contents/Home/jre/lib/jce.jar:/Library/Java/JavaVirtualMachines/jdk1.8.0_191.jdk/Contents/Home/jre/lib/charsets.jar:/Library/Java/JavaVirtualMachines/jdk1.8.0_191.jdk/Contents/Home/jre/lib/jfr.jar:/Library/Java/JavaVirtualMachines/jdk1.8.0_191.jdk/Contents/Home/jre/classes"/>
    <property name="sun.management.compiler" value="HotSpot 64-Bit Tiered Compilers"/>
    <property name="ftp.nonProxyHosts" value="local|*.local|169.254/16|*.169.254/16"/>
    <property name="java.runtime.version" value="1.8.0_191-b12"/>
    <property name="user.name" value="hiroyo"/>
    <property name="path.separator" value=":"/>
    <property name="os.version" value="10.13.3"/>
    <property name="java.endorsed.dirs" value="/Library/Java/JavaVirtualMachines/jdk1.8.0_191.jdk/Contents/Home/jre/lib/endorsed"/>
    <property name="java.runtime.name" value="Java(TM) SE Runtime Environment"/>
    <property name="file.encoding" value="UTF-8"/>
    <property name="java.vm.name" value="Java HotSpot(TM) 64-Bit Server VM"/>
    <property name="maven.ext.class.path" value="/Applications/netbeans/java/maven-nblib/netbeans-eventspy.jar"/>
    <property name="localRepository" value="/Users/hiroyo/.m2/repository"/>
    <property name="java.vendor.url.bug" value="http://bugreport.sun.com/bugreport/"/>
    <property name="java.io.tmpdir" value="/var/folders/gg/0fhxq61557lcqvm__ty7pck80000gn/T/"/>
    <property name="java.version" value="1.8.0_191"/>
    <property name="user.dir" value="/Users/hiroyo/Downloads/ijpb-MorphoLibJ-d8b4445"/>
    <property name="os.arch" value="x86_64"/>
    <property name="java.vm.specification.name" value="Java Virtual Machine Specification"/>
    <property name="java.awt.printerjob" value="sun.lwawt.macosx.CPrinterJob"/>
    <property name="user.language.format" value="en"/>
    <property name="sun.os.patch.level" value="unknown"/>
    <property name="java.library.path" value="/Users/hiroyo/Library/Java/Extensions:/Library/Java/Extensions:/Network/Library/Java/Extensions:/System/Library/Java/Extensions:/usr/lib/java:."/>
    <property name="java.vm.info" value="mixed mode"/>
    <property name="java.vendor" value="Oracle Corporation"/>
    <property name="java.vm.version" value="25.191-b12"/>
    <property name="java.ext.dirs" value="/Users/hiroyo/Library/Java/Extensions:/Library/Java/JavaVirtualMachines/jdk1.8.0_191.jdk/Contents/Home/jre/lib/ext:/Library/Java/Extensions:/Network/Library/Java/Extensions:/System/Library/Java/Extensions:/usr/lib/java"/>
    <property name="sun.io.unicode.encoding" value="UnicodeBig"/>
    <property name="apple.awt.UIElement" value="true"/>
    <property name="java.class.version" value="52.0"/>
    <property name="socksNonProxyHosts" value="local|*.local|169.254/16|*.169.254/16"/>
  </properties>
  <testcase name="testOpenImage" classname="inra.ijpb.OpenResourceImage" time="0.805"/>
  <testcase name="testDistanceMap_UntilCorners_Weights23" classname="inra.ijpb.binary.distmap.DistanceTransform3x3FloatTest" time="0.015"/>
  <testcase name="testDistanceMapImageProcessor" classname="inra.ijpb.binary.distmap.DistanceTransform3x3FloatTest" time="0"/>
  <testcase name="testDistanceMap_UntilCorners_CityBlock" classname="inra.ijpb.binary.distmap.DistanceTransform3x3FloatTest" time="0"/>
  <testcase name="testDistanceMap_UntilCorners_Borgefors34" classname="inra.ijpb.binary.distmap.DistanceTransform3x3FloatTest" time="0"/>
  <testcase name="testDistanceMap_UntilCorners_Chessboard" classname="inra.ijpb.binary.distmap.DistanceTransform3x3FloatTest" time="0"/>
  <testcase name="testDistanceMap_TouchingLabels" classname="inra.ijpb.binary.distmap.DistanceTransform3x3FloatTest" time="0"/>
  <testcase name="testDistanceMap_UntilCorners_Weights23" classname="inra.ijpb.binary.distmap.DistanceTransform3x3ShortTest" time="0.001"/>
  <testcase name="testDistanceMapImageProcessor" classname="inra.ijpb.binary.distmap.DistanceTransform3x3ShortTest" time="0.001"/>
  <testcase name="testDistanceMap_UntilCorners_CityBlock" classname="inra.ijpb.binary.distmap.DistanceTransform3x3ShortTest" time="0.001"/>
  <testcase name="testDistanceMap_UntilCorners_Borgefors34" classname="inra.ijpb.binary.distmap.DistanceTransform3x3ShortTest" time="0.002"/>
  <testcase name="testDistanceMap_UntilCorners_Chessboard" classname="inra.ijpb.binary.distmap.DistanceTransform3x3ShortTest" time="0.001"/>
  <testcase name="testDistanceMap_TouchingLabels" classname="inra.ijpb.binary.distmap.DistanceTransform3x3ShortTest" time="0.002"/>
  <testcase name="testDistanceMap_UntilCorners_Weights23" classname="inra.ijpb.binary.distmap.DistanceTransform5x5FloatTest" time="0.005"/>
  <testcase name="testDistanceMap_UntilCorners_CityBlock" classname="inra.ijpb.binary.distmap.DistanceTransform5x5FloatTest" time="0.001"/>
  <testcase name="testDistanceMap_UntilCorners_ChessKnight2" classname="inra.ijpb.binary.distmap.DistanceTransform5x5FloatTest" time="0.004"/>
  <testcase name="testDistanceMap_UntilCorners_Borgefors34" classname="inra.ijpb.binary.distmap.DistanceTransform5x5FloatTest" time="0"/>
  <testcase name="testDistanceMap_UntilCorners_Chessboard" classname="inra.ijpb.binary.distmap.DistanceTransform5x5FloatTest" time="0.017"/>
  <testcase name="testDistanceMap_TouchingLabels" classname="inra.ijpb.binary.distmap.DistanceTransform5x5FloatTest" time="0"/>
  <testcase name="testDistanceMap_ChessBoard" classname="inra.ijpb.binary.distmap.DistanceTransform5x5FloatTest" time="0"/>
  <testcase name="testDistanceMap_UntilCorners_Weights23" classname="inra.ijpb.binary.distmap.DistanceTransform5x5ShortTest" time="0"/>
  <testcase name="testDistanceMap_UntilCorners_CityBlock" classname="inra.ijpb.binary.distmap.DistanceTransform5x5ShortTest" time="0"/>
  <testcase name="testDistanceMap_UntilCorners_ChessKnight2" classname="inra.ijpb.binary.distmap.DistanceTransform5x5ShortTest" time="0"/>
  <testcase name="testDistanceMap_UntilCorners_ChessKnight" classname="inra.ijpb.binary.distmap.DistanceTransform5x5ShortTest" time="0.004"/>
  <testcase name="testDistanceMap_UntilCorners_Borgefors34" classname="inra.ijpb.binary.distmap.DistanceTransform5x5ShortTest" time="0"/>
  <testcase name="testDistanceMap_UntilCorners_Chessboard" classname="inra.ijpb.binary.distmap.DistanceTransform5x5ShortTest" time="0"/>
  <testcase name="testDistanceMap_TouchingLabels" classname="inra.ijpb.binary.distmap.DistanceTransform5x5ShortTest" time="0.002"/>
  <testcase name="testDistanceMap_ChessBoard" classname="inra.ijpb.binary.distmap.DistanceTransform5x5ShortTest" time="0.001"/>
  <testcase name="testDistanceMap_FromCenter" classname="inra.ijpb.binary.distmap.DistanceTransform3DShortTest" time="0.059"/>
  <testcase name="testDistanceMap" classname="inra.ijpb.binary.distmap.DistanceTransform3DShortTest" time="0.016"/>
  <testcase name="testDistanceMap_FromCenter" classname="inra.ijpb.binary.distmap.DistanceTransform3D4WeightsShortTest" time="0.03"/>
  <testcase name="testDistanceMap" classname="inra.ijpb.binary.distmap.DistanceTransform3D4WeightsShortTest" time="0.081"/>
  <testcase name="testDistanceMap_FromCenter" classname="inra.ijpb.binary.distmap.DistanceTransform3DFloatTest" time="0.037"/>
  <testcase name="testDistanceMap" classname="inra.ijpb.binary.distmap.DistanceTransform3DFloatTest" time="0.012"/>
  <testcase name="testDistanceMap_FromCenter" classname="inra.ijpb.binary.distmap.DistanceTransform3D4WeightsFloatTest" time="0.114"/>
  <testcase name="testDistanceMap" classname="inra.ijpb.binary.distmap.DistanceTransform3D4WeightsFloatTest" time="0.036"/>
  <testcase name="testCreate_LineH" classname="inra.ijpb.morphology.StrelTest" time="0.015"/>
  <testcase name="testCreate_LineV" classname="inra.ijpb.morphology.StrelTest" time="0.01"/>
  <testcase name="testCreate_Square" classname="inra.ijpb.morphology.StrelTest" time="0.007"/>
  <testcase name="testClosing_allStrels" classname="inra.ijpb.morphology.StrelTest" time="0.149"/>
  <testcase name="testGetAllLabels" classname="inra.ijpb.morphology.StrelTest" time="0.001"/>
  <testcase name="testFromLabel" classname="inra.ijpb.morphology.StrelTest" time="0.001"/>
  <testcase name="testFromLabel_Illegal" classname="inra.ijpb.morphology.StrelTest" time="0.001"/>
  <testcase name="testFromLabel_Illegal2" classname="inra.ijpb.morphology.MorphologyTest" time="0.002"/>
  <testcase name="testClosing_Square" classname="inra.ijpb.morphology.MorphologyTest" time="0.019"/>
  <testcase name="testVariousOperations_Square_RGB" classname="inra.ijpb.morphology.MorphologyTest" time="0.428"/>
  <testcase name="testGetAllLabels" classname="inra.ijpb.morphology.MorphologyTest" time="0.002"/>
  <testcase name="testApplyOperation" classname="inra.ijpb.morphology.MorphologyTest" time="0.066"/>
  <testcase name="testOpening_Square_RGB" classname="inra.ijpb.morphology.MorphologyTest" time="0.08"/>
  <testcase name="testFromLabel" classname="inra.ijpb.morphology.MorphologyTest" time="0"/>
  <testcase name="testFromLabel_Illegal" classname="inra.ijpb.morphology.MorphologyTest" time="0.001"/>
  <testcase name="testClosing_Square_RGB" classname="inra.ijpb.morphology.MorphologyTest" time="0.074"/>
  <testcase name="testFloodFill_AllCases" classname="inra.ijpb.morphology.FloodFillTest" time="0.008"/>
  <testcase name="testFloodFill_FullImage" classname="inra.ijpb.morphology.FloodFillTest" time="0.001"/>
  <testcase name="testFloodFill_Concave" classname="inra.ijpb.morphology.FloodFillTest" time="0.001"/>
  <testcase name="testFloodFill_EmptySquaresC4" classname="inra.ijpb.morphology.FloodFillTest" time="0.001"/>
  <testcase name="testFloodFillC8Marker" classname="inra.ijpb.morphology.FloodFillTest" time="0.001"/>
  <testcase name="testFloodFillC8_AllCases" classname="inra.ijpb.morphology.FloodFillTest" time="0.001"/>
  <testcase name="testFloodFill_Square" classname="inra.ijpb.morphology.FloodFillTest" time="0"/>
  <testcase name="testFloodFill_Cross3d_C26Float" classname="inra.ijpb.morphology.FloodFill3DTest" time="0.012"/>
  <testcase name="testFloodFill_BatCochlea_C26Float" classname="inra.ijpb.morphology.FloodFill3DTest" time="0.504"/>
  <testcase name="testFloodFill_Cross3d_C6Float" classname="inra.ijpb.morphology.FloodFill3DTest" time="0.003"/>
  <testcase name="testFloodFillPair_Cross3d_C6Float" classname="inra.ijpb.morphology.FloodFill3DTest" time="0.001"/>
  <testcase name="testFloodFill_Cross3d_C26" classname="inra.ijpb.morphology.FloodFill3DTest" time="0.001"/>
  <testcase name="testFloodFill_BatCochlea_C26" classname="inra.ijpb.morphology.FloodFill3DTest" time="0.345"/>
  <testcase name="testFloodFill_Cross3d_C6" classname="inra.ijpb.morphology.FloodFill3DTest" time="0.001"/>
  <testcase name="testFloodFillPair_Cross3d_C26Float" classname="inra.ijpb.morphology.FloodFill3DTest" time="0.001"/>
  <testcase name="testRemoveLargestLabelImageProcessor" classname="inra.ijpb.label.LabelImagesTest" time="0.109"/>
  <testcase name="testKeepLargestLabelImageProcessor" classname="inra.ijpb.label.LabelImagesTest" time="0.061"/>
  <testcase name="testLabelToRGB_ImageProcessorByteArrayColor" classname="inra.ijpb.label.LabelImagesTest" time="0.007"/>
  <testcase name="testAreaOpeningImageProcessor" classname="inra.ijpb.label.LabelImagesTest" time="0.004"/>
  <testcase name="testFindAllLabels_Byte_IncreasingOrder" classname="inra.ijpb.label.LabelImagesTest" time="0.001"/>
  <testcase name="testKeepLargestLabelImageStack_EmptyImage" classname="inra.ijpb.label.LabelImagesTest" time="0.006"/>
  <testcase name="testFindAllLabels_ByteProcessor" classname="inra.ijpb.label.LabelImagesTest" time="0.015"/>
  <testcase name="testFindAllLabels_FloatProcessor" classname="inra.ijpb.label.LabelImagesTest" time="0.041"/>
  <testcase name="testKeepLargestLabelImageProcessor_EmptyImage" classname="inra.ijpb.label.LabelImagesTest" time="0.001"/>
  <testcase name="testReconstructByDilation_C4" classname="inra.ijpb.morphology.ReconstructionTest" time="0.013"/>
  <testcase name="testReconstructByDilation_C8" classname="inra.ijpb.morphology.ReconstructionTest" time="0.002"/>
  <testcase name="testReconstructByDilation_RGB_C4" classname="inra.ijpb.morphology.ReconstructionTest" time="0.001"/>
  <testcase name="testReconstructByDilationGrayscaleC4" classname="inra.ijpb.morphology.ReconstructionTest" time="0"/>
  <testcase name="testReconstructByDilationGrayscaleC8" classname="inra.ijpb.morphology.ReconstructionTest" time="0.001"/>
  <testcase name="testReconstructByErosion" classname="inra.ijpb.morphology.ReconstructionTest" time="0.003"/>
  <testcase name="testReconstructByErosion_C8" classname="inra.ijpb.morphology.ReconstructionTest" time="0.001"/>
  <testcase name="test_reconstructByDilation_CubicHollowMesh" classname="inra.ijpb.morphology.Reconstruction3DTest" time="0.02"/>
  <testcase name="test_reconstructByErosion_CochleaVolumeC26Float" classname="inra.ijpb.morphology.Reconstruction3DTest" time="2.449"/>
  <testcase name="test_reconstructByDilation_CochleaVolumeC6" classname="inra.ijpb.morphology.Reconstruction3DTest" time="2.182"/>
  <testcase name="test_reconstructByErosion_LeveledCubeGraphC6Float" classname="inra.ijpb.morphology.Reconstruction3DTest" time="0.002"/>
  <testcase name="test_reconstructByErosion_CochleaVolumeC6Float" classname="inra.ijpb.morphology.Reconstruction3DTest" time="2.092"/>
  <testcase name="testKillBorders3D" classname="inra.ijpb.morphology.Reconstruction3DTest" time="0.004"/>
  <testcase name="test_reconstructByDilation_LeveledCubeGraphC26" classname="inra.ijpb.morphology.Reconstruction3DTest" time="0.018"/>
  <testcase name="test_reconstructByErosion_LeveledCubeGraphC26" classname="inra.ijpb.morphology.Reconstruction3DTest" time="0.018"/>
  <testcase name="test_reconstructByDilation_LeveledCubeGraphC6" classname="inra.ijpb.morphology.Reconstruction3DTest" time="0.001"/>
  <testcase name="test_reconstructByDilation_CubicMeshC6" classname="inra.ijpb.morphology.Reconstruction3DTest" time="0.009"/>
  <testcase name="test_reconstructByDilation_LeveledCubeGraphC6Float" classname="inra.ijpb.morphology.Reconstruction3DTest" time="0.013"/>
  <testcase name="test_reconstructByErosion_CochleaVolumeC26" classname="inra.ijpb.morphology.Reconstruction3DTest" time="1.788"/>
  <testcase name="test_reconstructByErosion_CochleaVolumeC6" classname="inra.ijpb.morphology.Reconstruction3DTest" time="0.848"/>
  <testcase name="test_reconstructByDilation_CochleaVolumeC26" classname="inra.ijpb.morphology.Reconstruction3DTest" time="0.708"/>
  <testcase name="test_reconstructByErosion_LeveledCubeGraphC6" classname="inra.ijpb.morphology.Reconstruction3DTest" time="0.001"/>
  <testcase name="test_reconstructByDilation_LeveledCubeGraphC26Float" classname="inra.ijpb.morphology.Reconstruction3DTest" time="0.006"/>
  <testcase name="test_reconstructByDilation_CubicMeshC26" classname="inra.ijpb.morphology.Reconstruction3DTest" time="0.005"/>
  <testcase name="test_reconstructByErosion_LeveledCubeGraphC26Float" classname="inra.ijpb.morphology.Reconstruction3DTest" time="0.011"/>
  <testcase name="testExtendedMinMaxConsistency_C4" classname="inra.ijpb.morphology.MinimaAndMaximaTest" time="0.046"/>
  <testcase name="testExtendedMinMaxConsistency_C8" classname="inra.ijpb.morphology.MinimaAndMaximaTest" time="0.056"/>
  <testcase name="testRegionalMinimaAlgosConsistency_C4" classname="inra.ijpb.morphology.MinimaAndMaximaTest" time="0.033"/>
  <testcase name="testRegionalMinimaAlgosConsistency_C8" classname="inra.ijpb.morphology.MinimaAndMaximaTest" time="0.03"/>
  <testcase name="testImposeMinima_C4" classname="inra.ijpb.morphology.MinimaAndMaximaTest" time="0.026"/>
  <testcase name="testImposeMinima_C8" classname="inra.ijpb.morphology.MinimaAndMaximaTest" time="0.022"/>
  <testcase name="testRegionalMaximaAlgosConsistency_C4" classname="inra.ijpb.morphology.MinimaAndMaximaTest" time="0.011"/>
  <testcase name="testRegionalMaximaAlgosConsistency_C8" classname="inra.ijpb.morphology.MinimaAndMaximaTest" time="0.011"/>
  <testcase name="testRegionalMinimaImageProcessorInt" classname="inra.ijpb.morphology.MinimaAndMaximaTest" time="0.002"/>
  <testcase name="testRegionalMaximaImageProcessor_Conn4" classname="inra.ijpb.morphology.MinimaAndMaximaTest" time="0"/>
  <testcase name="testRegionalMaximaImageProcessor_Conn8" classname="inra.ijpb.morphology.MinimaAndMaximaTest" time="0"/>
  <testcase name="testImposeMinimaMaximaConsistency_C8" classname="inra.ijpb.morphology.MinimaAndMaximaTest" time="0.028"/>
  <testcase name="testRegionalMinimaImageProcessor_Conn8" classname="inra.ijpb.morphology.MinimaAndMaximaTest" time="0.001"/>
  <testcase name="testRegionalMinima_CubeGraph_C6" classname="inra.ijpb.morphology.MinimaAndMaxima3DTest" time="0.006"/>
  <testcase name="testRegionalMaxima_CubeGraph_C6" classname="inra.ijpb.morphology.MinimaAndMaxima3DTest" time="0.014"/>
  <testcase name="testRegionalMaxima_CubicMeshC26" classname="inra.ijpb.morphology.MinimaAndMaxima3DTest" time="0.055"/>
  <testcase name="testRegionalMaxima_BatCochlea" classname="inra.ijpb.morphology.MinimaAndMaxima3DTest" time="0.978"/>
  <testcase name="testExtendedMaxima_CubeGraph_C6" classname="inra.ijpb.morphology.MinimaAndMaxima3DTest" time="0.003"/>
  <testcase name="testRegionalMinima_CubeGraph_C26" classname="inra.ijpb.morphology.MinimaAndMaxima3DTest" time="0.007"/>
  <testcase name="testRegionalMaxima_CubicMeshC6" classname="inra.ijpb.morphology.MinimaAndMaxima3DTest" time="0.026"/>
  <testcase name="testRegionalMaxima_CubeGraph_C26" classname="inra.ijpb.morphology.MinimaAndMaxima3DTest" time="0.004"/>
  <testcase name="testDilation_Square4x4" classname="inra.ijpb.morphology.strel.LinearHorizontalStrelTest" time="0.001"/>
  <testcase name="testOpening" classname="inra.ijpb.morphology.strel.LinearHorizontalStrelTest" time="0.001"/>
  <testcase name="testErosion_Square4x4" classname="inra.ijpb.morphology.strel.LinearHorizontalStrelTest" time="0"/>
  <testcase name="testGetMask" classname="inra.ijpb.morphology.strel.LinearHorizontalStrelTest" time="0"/>
  <testcase name="testGetSize" classname="inra.ijpb.morphology.strel.LinearHorizontalStrelTest" time="0"/>
  <testcase name="testClosing" classname="inra.ijpb.morphology.strel.LinearHorizontalStrelTest" time="0.001"/>
  <testcase name="testReverse" classname="inra.ijpb.morphology.strel.LinearHorizontalStrelTest" time="0"/>
  <testcase name="testGetShifts" classname="inra.ijpb.morphology.strel.LinearHorizontalStrelTest" time="0"/>
  <testcase name="testDilation_Square4x4" classname="inra.ijpb.morphology.strel.LinearVerticalStrelTest" time="0"/>
  <testcase name="testOpening" classname="inra.ijpb.morphology.strel.LinearVerticalStrelTest" time="0.001"/>
  <testcase name="testErosion_Square4x4" classname="inra.ijpb.morphology.strel.LinearVerticalStrelTest" time="0"/>
  <testcase name="testGetMask" classname="inra.ijpb.morphology.strel.LinearVerticalStrelTest" time="0"/>
  <testcase name="testGetSize" classname="inra.ijpb.morphology.strel.LinearVerticalStrelTest" time="0"/>
  <testcase name="testClosing" classname="inra.ijpb.morphology.strel.LinearVerticalStrelTest" time="0"/>
  <testcase name="testReverse" classname="inra.ijpb.morphology.strel.LinearVerticalStrelTest" time="0"/>
  <testcase name="testGetShifts" classname="inra.ijpb.morphology.strel.LinearVerticalStrelTest" time="0"/>
  <testcase name="testDilation_Square4x4" classname="inra.ijpb.morphology.strel.LinearDiagDownStrelTest" time="0"/>
  <testcase name="testGetMask" classname="inra.ijpb.morphology.strel.LinearDiagDownStrelTest" time="0"/>
  <testcase name="testGetSize" classname="inra.ijpb.morphology.strel.LinearDiagDownStrelTest" time="0"/>
  <testcase name="testClosing" classname="inra.ijpb.morphology.strel.LinearDiagDownStrelTest" time="0.007"/>
  <testcase name="testReverse" classname="inra.ijpb.morphology.strel.LinearDiagDownStrelTest" time="0"/>
  <testcase name="testGetShifts" classname="inra.ijpb.morphology.strel.LinearDiagDownStrelTest" time="0"/>
  <testcase name="testDilation_Square4x4" classname="inra.ijpb.morphology.strel.LinearDiagUpStrelTest" time="0.004"/>
  <testcase name="testErosion_Square4x4" classname="inra.ijpb.morphology.strel.LinearDiagUpStrelTest" time="0"/>
  <testcase name="testGetMask" classname="inra.ijpb.morphology.strel.LinearDiagUpStrelTest" time="0"/>
  <testcase name="testGetSize" classname="inra.ijpb.morphology.strel.LinearDiagUpStrelTest" time="0"/>
  <testcase name="testReverse" classname="inra.ijpb.morphology.strel.LinearDiagUpStrelTest" time="0"/>
  <testcase name="testDilation_L5_Square4x4" classname="inra.ijpb.morphology.strel.LinearDiagUpStrelTest" time="0"/>
  <testcase name="testGetShifts" classname="inra.ijpb.morphology.strel.LinearDiagUpStrelTest" time="0"/>
  <testcase name="testClosing_L3" classname="inra.ijpb.morphology.strel.LinearDiagUpStrelTest" time="0"/>
  <testcase name="testDilation_Square4x4" classname="inra.ijpb.morphology.strel.SquareStrelTest" time="0"/>
  <testcase name="testOpening" classname="inra.ijpb.morphology.strel.SquareStrelTest" time="0.002"/>
  <testcase name="testErosion_Square4x4" classname="inra.ijpb.morphology.strel.SquareStrelTest" time="0"/>
  <testcase name="testGetMask" classname="inra.ijpb.morphology.strel.SquareStrelTest" time="0"/>
  <testcase name="testGetSize" classname="inra.ijpb.morphology.strel.SquareStrelTest" time="0"/>
  <testcase name="testDilation_Square4x4_short" classname="inra.ijpb.morphology.strel.SquareStrelTest" time="0.005"/>
  <testcase name="testClosing" classname="inra.ijpb.morphology.strel.SquareStrelTest" time="0"/>
  <testcase name="testReverse" classname="inra.ijpb.morphology.strel.SquareStrelTest" time="0"/>
  <testcase name="testClosing_EdgeEffect" classname="inra.ijpb.morphology.strel.SquareStrelTest" time="0"/>
  <testcase name="testErosion_Square4x4_short" classname="inra.ijpb.morphology.strel.SquareStrelTest" time="0.005"/>
  <testcase name="testGetShifts" classname="inra.ijpb.morphology.strel.SquareStrelTest" time="0"/>
  <testcase name="testClosing_VeryBigStrel" classname="inra.ijpb.morphology.strel.SquareStrelTest" time="0"/>
  <testcase name="testStabilityByClosing" classname="inra.ijpb.morphology.strel.OctagonStrelTest" time="0.054"/>
  <testcase name="testDilation_Square4x4" classname="inra.ijpb.morphology.strel.OctagonStrelTest" time="0"/>
  <testcase name="testErosion_Square4x4" classname="inra.ijpb.morphology.strel.OctagonStrelTest" time="0"/>
  <testcase name="testClosing_3x3" classname="inra.ijpb.morphology.strel.OctagonStrelTest" time="0"/>
  <testcase name="testClosing_4x4" classname="inra.ijpb.morphology.strel.OctagonStrelTest" time="0.003"/>
  <testcase name="testClosing_5x5" classname="inra.ijpb.morphology.strel.OctagonStrelTest" time="0.001"/>
  <testcase name="testGetMask" classname="inra.ijpb.morphology.strel.OctagonStrelTest" time="0"/>
  <testcase name="testGetSize" classname="inra.ijpb.morphology.strel.OctagonStrelTest" time="0.001"/>
  <testcase name="testStabilityByOpening" classname="inra.ijpb.morphology.strel.OctagonStrelTest" time="0.041"/>
  <testcase name="testReverse" classname="inra.ijpb.morphology.strel.OctagonStrelTest" time="0"/>
  <testcase name="testDilateOctagon3x3" classname="inra.ijpb.morphology.strel.OctagonStrelTest" time="0.001"/>
  <testcase name="testReverse_4x4" classname="inra.ijpb.morphology.strel.OctagonStrelTest" time="0"/>
  <testcase name="testGetShifts" classname="inra.ijpb.morphology.strel.OctagonStrelTest" time="0"/>
  <testcase name="testClosing_VeryBigStrel" classname="inra.ijpb.morphology.strel.OctagonStrelTest" time="0.001"/>
  <testcase name="testMaskAndShifts" classname="inra.ijpb.morphology.strel.Cross3x3StrelTest" time="0.002"/>
  <testcase name="testDilation_Square4x4" classname="inra.ijpb.morphology.strel.ShiftedCross3x3Strel_LeftTest" time="0.002"/>
  <testcase name="testErosion_Square4x4" classname="inra.ijpb.morphology.strel.ShiftedCross3x3Strel_LeftTest" time="0"/>
  <testcase name="testGetMask" classname="inra.ijpb.morphology.strel.ShiftedCross3x3Strel_LeftTest" time="0"/>
  <testcase name="testGetSize" classname="inra.ijpb.morphology.strel.ShiftedCross3x3Strel_LeftTest" time="0"/>
  <testcase name="testClosing" classname="inra.ijpb.morphology.strel.ShiftedCross3x3Strel_LeftTest" time="0.003"/>
  <testcase name="testReverse" classname="inra.ijpb.morphology.strel.ShiftedCross3x3Strel_LeftTest" time="0"/>
  <testcase name="testGetShifts" classname="inra.ijpb.morphology.strel.ShiftedCross3x3Strel_LeftTest" time="0"/>
  <testcase name="testMaskAndShifts" classname="inra.ijpb.morphology.strel.ShiftedCross3x3Strel_LeftTest" time="0"/>
  <testcase name="testDilation_Square4x4" classname="inra.ijpb.morphology.strel.ShiftedCross3x3Strel_RightTest" time="0"/>
  <testcase name="testErosion_Square4x4" classname="inra.ijpb.morphology.strel.ShiftedCross3x3Strel_RightTest" time="0"/>
  <testcase name="testGetMask" classname="inra.ijpb.morphology.strel.ShiftedCross3x3Strel_RightTest" time="0"/>
  <testcase name="testGetSize" classname="inra.ijpb.morphology.strel.ShiftedCross3x3Strel_RightTest" time="0"/>
  <testcase name="testClosing" classname="inra.ijpb.morphology.strel.ShiftedCross3x3Strel_RightTest" time="0.004"/>
  <testcase name="testReverse" classname="inra.ijpb.morphology.strel.ShiftedCross3x3Strel_RightTest" time="0.001"/>
  <testcase name="testGetShifts" classname="inra.ijpb.morphology.strel.ShiftedCross3x3Strel_RightTest" time="0"/>
  <testcase name="testMaskAndShifts" classname="inra.ijpb.morphology.strel.ShiftedCross3x3Strel_RightTest" time="0"/>
  <testcase name="testDilation_Square4x4" classname="inra.ijpb.morphology.strel.DiamondStrelTest" time="0"/>
  <testcase name="testGetMask" classname="inra.ijpb.morphology.strel.DiamondStrelTest" time="0"/>
  <testcase name="testGetSize" classname="inra.ijpb.morphology.strel.DiamondStrelTest" time="0"/>
  <testcase name="testReverse" classname="inra.ijpb.morphology.strel.DiamondStrelTest" time="0"/>
  <testcase name="testErosion_Square10x10" classname="inra.ijpb.morphology.strel.DiamondStrelTest" time="0"/>
  <testcase name="testDecompose" classname="inra.ijpb.morphology.strel.DiamondStrelTest" time="0"/>
  <testcase name="testClosing_5x5_Square4x4" classname="inra.ijpb.morphology.strel.DiamondStrelTest" time="0"/>
  <testcase name="testMaskAndShifts" classname="inra.ijpb.morphology.strel.DiamondStrelTest" time="0"/>
  <testcase name="testGetSize" classname="inra.ijpb.morphology.strel.DiskStrelTest" time="0"/>
  <testcase name="testDilate_SinglePixel_Radius" classname="inra.ijpb.morphology.strel.DiskStrelTest" time="0.002"/>
  <testcase name="testDilate_SinglePixel_EvenDiameter" classname="inra.ijpb.morphology.strel.DiskStrelTest" time="0.007"/>
</testsuite>